<?xml version="1.0" encoding="UTF-8"?>
<!-- Generated by org.testng.reporters.JUnitReportReporter -->
<testsuite hostname="LAPTOP-TEC1VDDC" failures="0" tests="1" name="testCases.TC_001_Registration" time="2.369" errors="0" timestamp="2024-06-26T11:48:30 IST" skipped="0">
  <testcase classname="testCases.TC_001_Registration" name="verifyRegistration" time="2.369"/>
</testsuite> <!-- testCases.TC_001_Registration -->
